Arguments: 
  /usr/local/Cellar/node/8.0.0/bin/node /usr/local/bin/yarn add express

PATH: 
  /anaconda3/bin:/Users/pedroneri/.fastlane/bin:/usr/local/bin:/usr/bin:/bin:/usr/sbin:/sbin:$HOME/.fastlane/bin:$HOME/.composer/vendor/bin:$HOME/.rvm/bin:/Users/pedroneri/.rvm/bin:/Users/pedroneri/.composer/vendor/bin:/Users/pedroneri/Library/Android/sdk/platform-tools/

Yarn version: 
  0.24.6

Node version: 
  8.0.0

Platform: 
  darwin x64

npm manifest: 
  {
    "name": "evojs",
    "version": "1.0.0",
    "main": "index.js",
    "license": "MIT",
    "dependencies": {
      "lodash": "^4.17.4"
    }
  }

yarn manifest: 
  No manifest

Lockfile: 
  # THIS IS AN AUTOGENERATED FILE. DO NOT EDIT THIS FILE DIRECTLY.
  # yarn lockfile v1
  
  
  lodash@^4.17.4:
    version "4.17.4"
    resolved "https://registry.yarnpkg.com/lodash/-/lodash-4.17.4.tgz#78203a4d1c328ae1d86dca6460e369b57f4055ae"

Trace: 
  Error: https://registry.yarnpkg.com/express: ETIMEDOUT
      at Timeout._onTimeout (/usr/local/Cellar/yarn/0.24.6/libexec/lib/yarn-cli.js:108518:19)
      at ontimeout (timers.js:488:11)
      at tryOnTimeout (timers.js:323:5)
      at Timer.listOnTimeout (timers.js:283:5)
